<?xml version="1.0" encoding="UTF-8"?>
<coverage generated="1760884988666" clover="3.2.0">
  <project timestamp="1760884988666" name="All files">
    <metrics statements="173" coveredstatements="139" conditionals="51" coveredconditionals="44" methods="12" coveredmethods="9" elements="236" coveredelements="192" complexity="0" loc="173" ncloc="173" packages="3" files="6" classes="6"/>
    <package name="src">
      <metrics statements="29" coveredstatements="0" conditionals="2" coveredconditionals="0" methods="2" coveredmethods="0"/>
      <file name="App.tsx" path="/Volumes/Work/projects/fireart-test-task/src/App.tsx">
        <metrics statements="21" coveredstatements="0" conditionals="1" coveredconditionals="0" methods="1" coveredmethods="0"/>
        <line num="1" count="0" type="cond" truecount="0" falsecount="1"/>
        <line num="2" count="0" type="stmt"/>
        <line num="5" count="0" type="stmt"/>
        <line num="8" count="0" type="stmt"/>
        <line num="9" count="0" type="stmt"/>
        <line num="10" count="0" type="stmt"/>
        <line num="11" count="0" type="stmt"/>
        <line num="12" count="0" type="stmt"/>
        <line num="13" count="0" type="stmt"/>
        <line num="15" count="0" type="stmt"/>
        <line num="16" count="0" type="stmt"/>
        <line num="18" count="0" type="stmt"/>
        <line num="19" count="0" type="stmt"/>
        <line num="20" count="0" type="stmt"/>
        <line num="21" count="0" type="stmt"/>
        <line num="22" count="0" type="stmt"/>
        <line num="23" count="0" type="stmt"/>
        <line num="24" count="0" type="stmt"/>
        <line num="25" count="0" type="stmt"/>
        <line num="27" count="0" type="stmt"/>
        <line num="29" count="0" type="stmt"/>
      </file>
      <file name="main.tsx" path="/Volumes/Work/projects/fireart-test-task/src/main.tsx">
        <metrics statements="8" coveredstatements="0" conditionals="1" coveredconditionals="0" methods="1" coveredmethods="0"/>
        <line num="1" count="0" type="cond" truecount="0" falsecount="1"/>
        <line num="2" count="0" type="stmt"/>
        <line num="4" count="0" type="stmt"/>
        <line num="6" count="0" type="stmt"/>
        <line num="7" count="0" type="stmt"/>
        <line num="8" count="0" type="stmt"/>
        <line num="9" count="0" type="stmt"/>
        <line num="10" count="0" type="stmt"/>
      </file>
    </package>
    <package name="src.components.Dropdown">
      <metrics statements="132" coveredstatements="127" conditionals="43" coveredconditionals="40" methods="8" coveredmethods="7"/>
      <file name="Dropdown.tsx" path="/Volumes/Work/projects/fireart-test-task/src/components/Dropdown/Dropdown.tsx">
        <metrics statements="130" coveredstatements="127" conditionals="41" coveredconditionals="39" methods="6" coveredmethods="6"/>
        <line num="1" count="1" type="stmt"/>
        <line num="3" count="1" type="stmt"/>
        <line num="4" count="1" type="stmt"/>
        <line num="5" count="1" type="stmt"/>
        <line num="7" count="1" type="stmt"/>
        <line num="9" count="1" type="stmt"/>
        <line num="26" count="1" type="cond" truecount="1" falsecount="0"/>
        <line num="27" count="45" type="stmt"/>
        <line num="28" count="45" type="stmt"/>
        <line num="29" count="45" type="stmt"/>
        <line num="30" count="45" type="stmt"/>
        <line num="31" count="45" type="stmt"/>
        <line num="32" count="45" type="stmt"/>
        <line num="33" count="45" type="stmt"/>
        <line num="34" count="45" type="stmt"/>
        <line num="35" count="45" type="stmt"/>
        <line num="36" count="45" type="stmt"/>
        <line num="37" count="45" type="stmt"/>
        <line num="38" count="45" type="stmt"/>
        <line num="39" count="45" type="stmt"/>
        <line num="41" count="45" type="cond" truecount="2" falsecount="0"/>
        <line num="43" count="45" type="stmt"/>
        <line num="44" count="45" type="stmt"/>
        <line num="45" count="45" type="stmt"/>
        <line num="47" count="45" type="stmt"/>
        <line num="49" count="45" type="cond" truecount="1" falsecount="0"/>
        <line num="50" count="29" type="cond" truecount="2" falsecount="0"/>
        <line num="51" count="10" type="stmt"/>
        <line num="52" count="10" type="stmt"/>
        <line num="53" count="10" type="cond" truecount="1" falsecount="0"/>
        <line num="54" count="10" type="stmt"/>
        <line num="55" count="29" type="cond" truecount="1" falsecount="1"/>
        <line num="57" count="29" type="cond" truecount="1" falsecount="0"/>
        <line num="58" count="29" type="cond" truecount="1" falsecount="0"/>
        <line num="59" count="29" type="cond" truecount="1" falsecount="0"/>
        <line num="60" count="45" type="stmt"/>
        <line num="62" count="45" type="stmt"/>
        <line num="63" count="45" type="stmt"/>
        <line num="65" count="45" type="cond" truecount="1" falsecount="0"/>
        <line num="66" count="4" type="cond" truecount="1" falsecount="0"/>
        <line num="67" count="1" type="stmt"/>
        <line num="68" count="1" type="stmt"/>
        <line num="69" count="1" type="stmt"/>
        <line num="70" count="1" type="cond" truecount="1" falsecount="0"/>
        <line num="71" count="3" type="stmt"/>
        <line num="72" count="3" type="stmt"/>
        <line num="73" count="4" type="stmt"/>
        <line num="74" count="4" type="stmt"/>
        <line num="76" count="45" type="stmt"/>
        <line num="77" count="45" type="cond" truecount="1" falsecount="0"/>
        <line num="78" count="5" type="stmt"/>
        <line num="79" count="5" type="cond" truecount="1" falsecount="0"/>
        <line num="80" count="1" type="stmt"/>
        <line num="81" count="1" type="stmt"/>
        <line num="82" count="1" type="stmt"/>
        <line num="83" count="1" type="stmt"/>
        <line num="84" count="5" type="cond" truecount="1" falsecount="0"/>
        <line num="85" count="1" type="stmt"/>
        <line num="86" count="1" type="stmt"/>
        <line num="87" count="5" type="cond" truecount="1" falsecount="0"/>
        <line num="88" count="2" type="stmt"/>
        <line num="89" count="2" type="cond" truecount="1" falsecount="0"/>
        <line num="90" count="2" type="stmt"/>
        <line num="91" count="5" type="cond" truecount="0" falsecount="1"/>
        <line num="92" count="0" type="stmt"/>
        <line num="93" count="0" type="stmt"/>
        <line num="94" count="0" type="stmt"/>
        <line num="95" count="5" type="cond" truecount="1" falsecount="0"/>
        <line num="96" count="5" type="cond" truecount="1" falsecount="0"/>
        <line num="97" count="1" type="stmt"/>
        <line num="98" count="1" type="stmt"/>
        <line num="99" count="1" type="stmt"/>
        <line num="100" count="1" type="stmt"/>
        <line num="101" count="5" type="stmt"/>
        <line num="102" count="5" type="stmt"/>
        <line num="103" count="45" type="stmt"/>
        <line num="104" count="45" type="stmt"/>
        <line num="106" count="45" type="stmt"/>
        <line num="107" count="45" type="cond" truecount="1" falsecount="0"/>
        <line num="108" count="45" type="stmt"/>
        <line num="109" count="45" type="stmt"/>
        <line num="110" count="45" type="stmt"/>
        <line num="111" count="45" type="stmt"/>
        <line num="112" count="45" type="stmt"/>
        <line num="113" count="45" type="stmt"/>
        <line num="114" count="45" type="stmt"/>
        <line num="115" count="45" type="stmt"/>
        <line num="116" count="45" type="stmt"/>
        <line num="117" count="45" type="stmt"/>
        <line num="118" count="45" type="cond" truecount="2" falsecount="0"/>
        <line num="120" count="45" type="cond" truecount="4" falsecount="0"/>
        <line num="121" count="45" type="stmt"/>
        <line num="122" count="45" type="stmt"/>
        <line num="123" count="45" type="stmt"/>
        <line num="124" count="45" type="stmt"/>
        <line num="126" count="45" type="cond" truecount="1" falsecount="0"/>
        <line num="127" count="26" type="stmt"/>
        <line num="128" count="26" type="stmt"/>
        <line num="129" count="26" type="stmt"/>
        <line num="130" count="26" type="stmt"/>
        <line num="131" count="26" type="stmt"/>
        <line num="132" count="26" type="stmt"/>
        <line num="133" count="26" type="stmt"/>
        <line num="134" count="26" type="stmt"/>
        <line num="135" count="26" type="stmt"/>
        <line num="137" count="26" type="cond" truecount="1" falsecount="0"/>
        <line num="138" count="312" type="stmt"/>
        <line num="139" count="312" type="stmt"/>
        <line num="141" count="312" type="stmt"/>
        <line num="142" count="312" type="stmt"/>
        <line num="143" count="312" type="stmt"/>
        <line num="144" count="312" type="stmt"/>
        <line num="145" count="312" type="stmt"/>
        <line num="146" count="312" type="stmt"/>
        <line num="147" count="312" type="stmt"/>
        <line num="148" count="312" type="stmt"/>
        <line num="149" count="312" type="cond" truecount="1" falsecount="0"/>
        <line num="150" count="312" type="cond" truecount="1" falsecount="0"/>
        <line num="151" count="312" type="cond" truecount="1" falsecount="0"/>
        <line num="152" count="312" type="stmt"/>
        <line num="153" count="312" type="cond" truecount="1" falsecount="0"/>
        <line num="154" count="312" type="cond" truecount="1" falsecount="0"/>
        <line num="155" count="312" type="cond" truecount="2" falsecount="0"/>
        <line num="157" count="312" type="cond" truecount="2" falsecount="0"/>
        <line num="158" count="312" type="stmt"/>
        <line num="160" count="26" type="stmt"/>
        <line num="161" count="26" type="stmt"/>
        <line num="163" count="45" type="stmt"/>
        <line num="165" count="45" type="stmt"/>
        <line num="167" count="1" type="stmt"/>
      </file>
      <file name="index.ts" path="/Volumes/Work/projects/fireart-test-task/src/components/Dropdown/index.ts">
        <metrics statements="2" coveredstatements="0" conditionals="1" coveredconditionals="0" methods="1" coveredmethods="0"/>
        <line num="1" count="0" type="cond" truecount="0" falsecount="1"/>
        <line num="2" count="0" type="stmt"/>
      </file>
      <file name="types.ts" path="/Volumes/Work/projects/fireart-test-task/src/components/Dropdown/types.ts">
        <metrics statements="0" coveredstatements="0" conditionals="1" coveredconditionals="1" methods="1" coveredmethods="1"/>
      </file>
    </package>
    <package name="src.hooks">
      <metrics statements="12" coveredstatements="12" conditionals="6" coveredconditionals="4" methods="2" coveredmethods="2"/>
      <file name="useOutsideClick.ts" path="/Volumes/Work/projects/fireart-test-task/src/hooks/useOutsideClick.ts">
        <metrics statements="12" coveredstatements="12" conditionals="6" coveredconditionals="4" methods="2" coveredmethods="2"/>
        <line num="1" count="1" type="stmt"/>
        <line num="3" count="1" type="cond" truecount="1" falsecount="0"/>
        <line num="4" count="45" type="cond" truecount="1" falsecount="0"/>
        <line num="5" count="43" type="cond" truecount="1" falsecount="0"/>
        <line num="6" count="14" type="stmt"/>
        <line num="7" count="14" type="cond" truecount="0" falsecount="1"/>
        <line num="8" count="14" type="cond" truecount="0" falsecount="1"/>
        <line num="9" count="14" type="stmt"/>
        <line num="11" count="43" type="stmt"/>
        <line num="12" count="43" type="cond" truecount="1" falsecount="0"/>
        <line num="13" count="45" type="stmt"/>
        <line num="14" count="45" type="stmt"/>
      </file>
    </package>
  </project>
</coverage>
