{"/Volumes/Work/projects/fireart-test-task/src/App.tsx": {"path":"/Volumes/Work/projects/fireart-test-task/src/App.tsx","all":true,"statementMap":{"0":{"start":{"line":1,"column":0},"end":{"line":1,"column":33}},"1":{"start":{"line":2,"column":0},"end":{"line":2,"column":54}},"4":{"start":{"line":5,"column":0},"end":{"line":5,"column":20}},"7":{"start":{"line":8,"column":0},"end":{"line":8,"column":25}},"8":{"start":{"line":9,"column":0},"end":{"line":9,"column":85}},"9":{"start":{"line":10,"column":0},"end":{"line":10,"column":12}},"10":{"start":{"line":11,"column":0},"end":{"line":11,"column":27}},"11":{"start":{"line":12,"column":0},"end":{"line":12,"column":4}},"12":{"start":{"line":13,"column":0},"end":{"line":13,"column":48}},"14":{"start":{"line":15,"column":0},"end":{"line":15,"column":19}},"15":{"start":{"line":16,"column":0},"end":{"line":16,"column":95}},"17":{"start":{"line":18,"column":0},"end":{"line":18,"column":10}},"18":{"start":{"line":19,"column":0},"end":{"line":19,"column":35}},"19":{"start":{"line":20,"column":0},"end":{"line":20,"column":28}},"20":{"start":{"line":21,"column":0},"end":{"line":21,"column":107}},"21":{"start":{"line":22,"column":0},"end":{"line":22,"column":9}},"22":{"start":{"line":23,"column":0},"end":{"line":23,"column":70}},"23":{"start":{"line":24,"column":0},"end":{"line":24,"column":10}},"24":{"start":{"line":25,"column":0},"end":{"line":25,"column":10}},"26":{"start":{"line":27,"column":0},"end":{"line":27,"column":2}},"28":{"start":{"line":29,"column":0},"end":{"line":29,"column":19}}},"s":{"0":0,"1":0,"4":0,"7":0,"8":0,"9":0,"10":0,"11":0,"12":0,"14":0,"15":0,"17":0,"18":0,"19":0,"20":0,"21":0,"22":0,"23":0,"24":0,"26":0,"28":0},"branchMap":{"0":{"type":"branch","line":1,"loc":{"start":{"line":1,"column":844},"end":{"line":29,"column":19}},"locations":[{"start":{"line":1,"column":844},"end":{"line":29,"column":19}}]}},"b":{"0":[0]},"fnMap":{"0":{"name":"(empty-report)","decl":{"start":{"line":1,"column":844},"end":{"line":29,"column":19}},"loc":{"start":{"line":1,"column":844},"end":{"line":29,"column":19}},"line":1}},"f":{"0":0}}
,"/Volumes/Work/projects/fireart-test-task/src/main.tsx": {"path":"/Volumes/Work/projects/fireart-test-task/src/main.tsx","all":true,"statementMap":{"0":{"start":{"line":1,"column":0},"end":{"line":1,"column":35}},"1":{"start":{"line":2,"column":0},"end":{"line":2,"column":46}},"3":{"start":{"line":4,"column":0},"end":{"line":4,"column":28}},"5":{"start":{"line":6,"column":0},"end":{"line":6,"column":52}},"6":{"start":{"line":7,"column":0},"end":{"line":7,"column":14}},"7":{"start":{"line":8,"column":0},"end":{"line":8,"column":11}},"8":{"start":{"line":9,"column":0},"end":{"line":9,"column":15}},"9":{"start":{"line":10,"column":0},"end":{"line":10,"column":2}}},"s":{"0":0,"1":0,"3":0,"5":0,"6":0,"7":0,"8":0,"9":0},"branchMap":{"0":{"type":"branch","line":1,"loc":{"start":{"line":1,"column":186},"end":{"line":10,"column":-128}},"locations":[{"start":{"line":1,"column":186},"end":{"line":10,"column":-128}}]}},"b":{"0":[0]},"fnMap":{"0":{"name":"(empty-report)","decl":{"start":{"line":1,"column":186},"end":{"line":10,"column":-128}},"loc":{"start":{"line":1,"column":186},"end":{"line":10,"column":-128}},"line":1}},"f":{"0":0}}
,"/Volumes/Work/projects/fireart-test-task/src/components/Dropdown/Dropdown.tsx": {"path":"/Volumes/Work/projects/fireart-test-task/src/components/Dropdown/Dropdown.tsx","all":false,"statementMap":{"0":{"start":{"line":1,"column":0},"end":{"line":1,"column":78}},"2":{"start":{"line":3,"column":0},"end":{"line":3,"column":62}},"3":{"start":{"line":4,"column":0},"end":{"line":4,"column":24}},"4":{"start":{"line":5,"column":0},"end":{"line":5,"column":59}},"6":{"start":{"line":7,"column":0},"end":{"line":7,"column":41}},"8":{"start":{"line":9,"column":0},"end":{"line":9,"column":25}},"25":{"start":{"line":26,"column":0},"end":{"line":26,"column":19}},"26":{"start":{"line":27,"column":0},"end":{"line":27,"column":10}},"27":{"start":{"line":28,"column":0},"end":{"line":28,"column":8}},"28":{"start":{"line":29,"column":0},"end":{"line":29,"column":11}},"29":{"start":{"line":30,"column":0},"end":{"line":30,"column":35}},"30":{"start":{"line":31,"column":0},"end":{"line":31,"column":12}},"31":{"start":{"line":32,"column":0},"end":{"line":32,"column":12}},"32":{"start":{"line":33,"column":0},"end":{"line":33,"column":22}},"33":{"start":{"line":34,"column":0},"end":{"line":34,"column":17}},"34":{"start":{"line":35,"column":0},"end":{"line":35,"column":19}},"35":{"start":{"line":36,"column":0},"end":{"line":36,"column":15}},"36":{"start":{"line":37,"column":0},"end":{"line":37,"column":22}},"37":{"start":{"line":38,"column":0},"end":{"line":38,"column":42}},"38":{"start":{"line":39,"column":0},"end":{"line":39,"column":53}},"40":{"start":{"line":41,"column":0},"end":{"line":41,"column":64}},"42":{"start":{"line":43,"column":0},"end":{"line":43,"column":47}},"43":{"start":{"line":44,"column":0},"end":{"line":44,"column":49}},"44":{"start":{"line":45,"column":0},"end":{"line":45,"column":52}},"46":{"start":{"line":47,"column":0},"end":{"line":47,"column":49}},"48":{"start":{"line":49,"column":0},"end":{"line":49,"column":25}},"49":{"start":{"line":50,"column":0},"end":{"line":50,"column":22}},"50":{"start":{"line":51,"column":0},"end":{"line":51,"column":25}},"51":{"start":{"line":52,"column":0},"end":{"line":52,"column":8}},"52":{"start":{"line":53,"column":0},"end":{"line":53,"column":46}},"53":{"start":{"line":54,"column":0},"end":{"line":54,"column":6}},"54":{"start":{"line":55,"column":0},"end":{"line":55,"column":41}},"56":{"start":{"line":57,"column":0},"end":{"line":57,"column":29}},"57":{"start":{"line":58,"column":0},"end":{"line":58,"column":73}},"58":{"start":{"line":59,"column":0},"end":{"line":59,"column":45}},"59":{"start":{"line":60,"column":0},"end":{"line":60,"column":29}},"61":{"start":{"line":62,"column":0},"end":{"line":62,"column":28}},"62":{"start":{"line":63,"column":0},"end":{"line":63,"column":27}},"64":{"start":{"line":65,"column":0},"end":{"line":65,"column":46}},"65":{"start":{"line":66,"column":0},"end":{"line":66,"column":23}},"66":{"start":{"line":67,"column":0},"end":{"line":67,"column":21}},"67":{"start":{"line":68,"column":0},"end":{"line":68,"column":33}},"68":{"start":{"line":69,"column":0},"end":{"line":69,"column":13}},"69":{"start":{"line":70,"column":0},"end":{"line":70,"column":5}},"70":{"start":{"line":71,"column":0},"end":{"line":71,"column":17}},"71":{"start":{"line":72,"column":0},"end":{"line":72,"column":19}},"72":{"start":{"line":73,"column":0},"end":{"line":73,"column":31}},"73":{"start":{"line":74,"column":0},"end":{"line":74,"column":4}},"75":{"start":{"line":76,"column":0},"end":{"line":76,"column":40}},"76":{"start":{"line":77,"column":0},"end":{"line":77,"column":33}},"77":{"start":{"line":78,"column":0},"end":{"line":78,"column":22}},"78":{"start":{"line":79,"column":0},"end":{"line":79,"column":22}},"79":{"start":{"line":80,"column":0},"end":{"line":80,"column":29}},"80":{"start":{"line":81,"column":0},"end":{"line":81,"column":25}},"81":{"start":{"line":82,"column":0},"end":{"line":82,"column":37}},"82":{"start":{"line":83,"column":0},"end":{"line":83,"column":16}},"83":{"start":{"line":84,"column":0},"end":{"line":84,"column":19}},"84":{"start":{"line":85,"column":0},"end":{"line":85,"column":25}},"85":{"start":{"line":86,"column":0},"end":{"line":86,"column":16}},"86":{"start":{"line":87,"column":0},"end":{"line":87,"column":25}},"87":{"start":{"line":88,"column":0},"end":{"line":88,"column":29}},"88":{"start":{"line":89,"column":0},"end":{"line":89,"column":75}},"89":{"start":{"line":90,"column":0},"end":{"line":90,"column":16}},"90":{"start":{"line":91,"column":0},"end":{"line":91,"column":23}},"91":{"start":{"line":92,"column":0},"end":{"line":92,"column":29}},"92":{"start":{"line":93,"column":0},"end":{"line":93,"column":58}},"93":{"start":{"line":94,"column":0},"end":{"line":94,"column":16}},"94":{"start":{"line":95,"column":0},"end":{"line":95,"column":21}},"95":{"start":{"line":96,"column":0},"end":{"line":96,"column":17}},"96":{"start":{"line":97,"column":0},"end":{"line":97,"column":29}},"97":{"start":{"line":98,"column":0},"end":{"line":98,"column":43}},"98":{"start":{"line":99,"column":0},"end":{"line":99,"column":57}},"99":{"start":{"line":100,"column":0},"end":{"line":100,"column":16}},"100":{"start":{"line":101,"column":0},"end":{"line":101,"column":7}},"101":{"start":{"line":102,"column":0},"end":{"line":102,"column":6}},"102":{"start":{"line":103,"column":0},"end":{"line":103,"column":40}},"103":{"start":{"line":104,"column":0},"end":{"line":104,"column":4}},"105":{"start":{"line":106,"column":0},"end":{"line":106,"column":10}},"106":{"start":{"line":107,"column":0},"end":{"line":107,"column":101}},"107":{"start":{"line":108,"column":0},"end":{"line":108,"column":13}},"108":{"start":{"line":109,"column":0},"end":{"line":109,"column":23}},"109":{"start":{"line":110,"column":0},"end":{"line":110,"column":21}},"110":{"start":{"line":111,"column":0},"end":{"line":111,"column":21}},"111":{"start":{"line":112,"column":0},"end":{"line":112,"column":31}},"112":{"start":{"line":113,"column":0},"end":{"line":113,"column":28}},"113":{"start":{"line":114,"column":0},"end":{"line":114,"column":33}},"114":{"start":{"line":115,"column":0},"end":{"line":115,"column":30}},"115":{"start":{"line":116,"column":0},"end":{"line":116,"column":27}},"116":{"start":{"line":117,"column":0},"end":{"line":117,"column":31}},"117":{"start":{"line":118,"column":0},"end":{"line":118,"column":55}},"119":{"start":{"line":120,"column":0},"end":{"line":120,"column":113}},"120":{"start":{"line":121,"column":0},"end":{"line":121,"column":38}},"121":{"start":{"line":122,"column":0},"end":{"line":122,"column":21}},"122":{"start":{"line":123,"column":0},"end":{"line":123,"column":15}},"123":{"start":{"line":124,"column":0},"end":{"line":124,"column":15}},"125":{"start":{"line":126,"column":0},"end":{"line":126,"column":16}},"126":{"start":{"line":127,"column":0},"end":{"line":127,"column":11}},"127":{"start":{"line":128,"column":0},"end":{"line":128,"column":24}},"128":{"start":{"line":129,"column":0},"end":{"line":129,"column":24}},"129":{"start":{"line":130,"column":0},"end":{"line":130,"column":36}},"130":{"start":{"line":131,"column":0},"end":{"line":131,"column":23}},"131":{"start":{"line":132,"column":0},"end":{"line":132,"column":23}},"132":{"start":{"line":133,"column":0},"end":{"line":133,"column":33}},"133":{"start":{"line":134,"column":0},"end":{"line":134,"column":99}},"134":{"start":{"line":135,"column":0},"end":{"line":135,"column":39}},"136":{"start":{"line":137,"column":0},"end":{"line":137,"column":38}},"137":{"start":{"line":138,"column":0},"end":{"line":138,"column":48}},"138":{"start":{"line":139,"column":0},"end":{"line":139,"column":49}},"140":{"start":{"line":141,"column":0},"end":{"line":141,"column":20}},"141":{"start":{"line":142,"column":0},"end":{"line":142,"column":17}},"142":{"start":{"line":143,"column":0},"end":{"line":143,"column":28}},"143":{"start":{"line":144,"column":0},"end":{"line":144,"column":29}},"144":{"start":{"line":145,"column":0},"end":{"line":145,"column":42}},"145":{"start":{"line":146,"column":0},"end":{"line":146,"column":44}},"146":{"start":{"line":147,"column":0},"end":{"line":147,"column":32}},"147":{"start":{"line":148,"column":0},"end":{"line":148,"column":29}},"148":{"start":{"line":149,"column":0},"end":{"line":149,"column":45}},"149":{"start":{"line":150,"column":0},"end":{"line":150,"column":41}},"150":{"start":{"line":151,"column":0},"end":{"line":151,"column":46}},"151":{"start":{"line":152,"column":0},"end":{"line":152,"column":18}},"152":{"start":{"line":153,"column":0},"end":{"line":153,"column":56}},"153":{"start":{"line":154,"column":0},"end":{"line":154,"column":55}},"154":{"start":{"line":155,"column":0},"end":{"line":155,"column":69}},"156":{"start":{"line":157,"column":0},"end":{"line":157,"column":84}},"157":{"start":{"line":158,"column":0},"end":{"line":158,"column":19}},"159":{"start":{"line":160,"column":0},"end":{"line":160,"column":13}},"160":{"start":{"line":161,"column":0},"end":{"line":161,"column":13}},"162":{"start":{"line":163,"column":0},"end":{"line":163,"column":10}},"164":{"start":{"line":165,"column":0},"end":{"line":165,"column":2}},"166":{"start":{"line":167,"column":0},"end":{"line":167,"column":24}}},"s":{"0":1,"2":1,"3":1,"4":1,"6":1,"8":1,"25":1,"26":45,"27":45,"28":45,"29":45,"30":45,"31":45,"32":45,"33":45,"34":45,"35":45,"36":45,"37":45,"38":45,"40":45,"42":45,"43":45,"44":45,"46":45,"48":45,"49":29,"50":10,"51":10,"52":10,"53":10,"54":29,"56":29,"57":29,"58":29,"59":45,"61":45,"62":45,"64":45,"65":4,"66":1,"67":1,"68":1,"69":1,"70":3,"71":3,"72":4,"73":4,"75":45,"76":45,"77":5,"78":5,"79":1,"80":1,"81":1,"82":1,"83":5,"84":1,"85":1,"86":5,"87":2,"88":2,"89":2,"90":5,"91":0,"92":0,"93":0,"94":5,"95":5,"96":1,"97":1,"98":1,"99":1,"100":5,"101":5,"102":45,"103":45,"105":45,"106":45,"107":45,"108":45,"109":45,"110":45,"111":45,"112":45,"113":45,"114":45,"115":45,"116":45,"117":45,"119":45,"120":45,"121":45,"122":45,"123":45,"125":45,"126":26,"127":26,"128":26,"129":26,"130":26,"131":26,"132":26,"133":26,"134":26,"136":26,"137":312,"138":312,"140":312,"141":312,"142":312,"143":312,"144":312,"145":312,"146":312,"147":312,"148":312,"149":312,"150":312,"151":312,"152":312,"153":312,"154":312,"156":312,"157":312,"159":26,"160":26,"162":45,"164":45,"166":1},"branchMap":{"0":{"type":"branch","line":26,"loc":{"start":{"line":26,"column":17},"end":{"line":165,"column":2}},"locations":[{"start":{"line":26,"column":17},"end":{"line":165,"column":2}}]},"1":{"type":"branch","line":41,"loc":{"start":{"line":41,"column":19},"end":{"line":41,"column":64}},"locations":[{"start":{"line":41,"column":19},"end":{"line":41,"column":64}}]},"2":{"type":"branch","line":107,"loc":{"start":{"line":107,"column":53},"end":{"line":107,"column":71}},"locations":[{"start":{"line":107,"column":53},"end":{"line":107,"column":71}}]},"3":{"type":"branch","line":120,"loc":{"start":{"line":120,"column":25},"end":{"line":120,"column":48}},"locations":[{"start":{"line":120,"column":25},"end":{"line":120,"column":48}}]},"4":{"type":"branch","line":120,"loc":{"start":{"line":120,"column":40},"end":{"line":120,"column":66}},"locations":[{"start":{"line":120,"column":40},"end":{"line":120,"column":66}}]},"5":{"type":"branch","line":120,"loc":{"start":{"line":120,"column":66},"end":{"line":120,"column":94}},"locations":[{"start":{"line":120,"column":66},"end":{"line":120,"column":94}}]},"6":{"type":"branch","line":120,"loc":{"start":{"line":120,"column":86},"end":{"line":120,"column":106}},"locations":[{"start":{"line":120,"column":86},"end":{"line":120,"column":106}}]},"7":{"type":"branch","line":126,"loc":{"start":{"line":126,"column":7},"end":{"line":161,"column":13}},"locations":[{"start":{"line":126,"column":7},"end":{"line":161,"column":13}}]},"8":{"type":"branch","line":41,"loc":{"start":{"line":41,"column":41},"end":{"line":41,"column":62}},"locations":[{"start":{"line":41,"column":41},"end":{"line":41,"column":62}}]},"9":{"type":"branch","line":49,"loc":{"start":{"line":49,"column":18},"end":{"line":60,"column":5}},"locations":[{"start":{"line":49,"column":18},"end":{"line":60,"column":5}}]},"10":{"type":"branch","line":50,"loc":{"start":{"line":50,"column":15},"end":{"line":50,"column":22}},"locations":[{"start":{"line":50,"column":15},"end":{"line":50,"column":22}}]},"11":{"type":"branch","line":50,"loc":{"start":{"line":50,"column":15},"end":{"line":55,"column":32}},"locations":[{"start":{"line":50,"column":15},"end":{"line":55,"column":32}}]},"12":{"type":"branch","line":55,"loc":{"start":{"line":55,"column":27},"end":{"line":55,"column":36}},"locations":[{"start":{"line":55,"column":27},"end":{"line":55,"column":36}}]},"13":{"type":"branch","line":55,"loc":{"start":{"line":55,"column":32},"end":{"line":55,"column":39}},"locations":[{"start":{"line":55,"column":32},"end":{"line":55,"column":39}}]},"14":{"type":"branch","line":57,"loc":{"start":{"line":57,"column":12},"end":{"line":57,"column":27}},"locations":[{"start":{"line":57,"column":12},"end":{"line":57,"column":27}}]},"15":{"type":"branch","line":58,"loc":{"start":{"line":58,"column":23},"end":{"line":58,"column":41}},"locations":[{"start":{"line":58,"column":23},"end":{"line":58,"column":41}}]},"16":{"type":"branch","line":59,"loc":{"start":{"line":59,"column":4},"end":{"line":59,"column":23}},"locations":[{"start":{"line":59,"column":4},"end":{"line":59,"column":23}}]},"17":{"type":"branch","line":53,"loc":{"start":{"line":53,"column":24},"end":{"line":53,"column":45}},"locations":[{"start":{"line":53,"column":24},"end":{"line":53,"column":45}}]},"18":{"type":"branch","line":65,"loc":{"start":{"line":65,"column":23},"end":{"line":74,"column":4}},"locations":[{"start":{"line":65,"column":23},"end":{"line":74,"column":4}}]},"19":{"type":"branch","line":66,"loc":{"start":{"line":66,"column":22},"end":{"line":70,"column":5}},"locations":[{"start":{"line":66,"column":22},"end":{"line":70,"column":5}}]},"20":{"type":"branch","line":70,"loc":{"start":{"line":70,"column":4},"end":{"line":73,"column":29}},"locations":[{"start":{"line":70,"column":4},"end":{"line":73,"column":29}}]},"21":{"type":"branch","line":77,"loc":{"start":{"line":77,"column":4},"end":{"line":102,"column":6}},"locations":[{"start":{"line":77,"column":4},"end":{"line":102,"column":6}}]},"22":{"type":"branch","line":79,"loc":{"start":{"line":79,"column":8},"end":{"line":83,"column":16}},"locations":[{"start":{"line":79,"column":8},"end":{"line":83,"column":16}}]},"23":{"type":"branch","line":84,"loc":{"start":{"line":84,"column":8},"end":{"line":86,"column":16}},"locations":[{"start":{"line":84,"column":8},"end":{"line":86,"column":16}}]},"24":{"type":"branch","line":87,"loc":{"start":{"line":87,"column":8},"end":{"line":90,"column":16}},"locations":[{"start":{"line":87,"column":8},"end":{"line":90,"column":16}}]},"25":{"type":"branch","line":91,"loc":{"start":{"line":91,"column":8},"end":{"line":94,"column":16}},"locations":[{"start":{"line":91,"column":8},"end":{"line":94,"column":16}}]},"26":{"type":"branch","line":95,"loc":{"start":{"line":95,"column":8},"end":{"line":95,"column":21}},"locations":[{"start":{"line":95,"column":8},"end":{"line":95,"column":21}}]},"27":{"type":"branch","line":96,"loc":{"start":{"line":96,"column":8},"end":{"line":100,"column":16}},"locations":[{"start":{"line":96,"column":8},"end":{"line":100,"column":16}}]},"28":{"type":"branch","line":89,"loc":{"start":{"line":89,"column":25},"end":{"line":89,"column":73}},"locations":[{"start":{"line":89,"column":25},"end":{"line":89,"column":73}}]},"29":{"type":"branch","line":118,"loc":{"start":{"line":118,"column":17},"end":{"line":118,"column":55}},"locations":[{"start":{"line":118,"column":17},"end":{"line":118,"column":55}}]},"30":{"type":"branch","line":118,"loc":{"start":{"line":118,"column":44},"end":{"line":118,"column":53}},"locations":[{"start":{"line":118,"column":44},"end":{"line":118,"column":53}}]},"31":{"type":"branch","line":137,"loc":{"start":{"line":137,"column":23},"end":{"line":160,"column":11}},"locations":[{"start":{"line":137,"column":23},"end":{"line":160,"column":11}}]},"32":{"type":"branch","line":149,"loc":{"start":{"line":149,"column":18},"end":{"line":149,"column":45}},"locations":[{"start":{"line":149,"column":18},"end":{"line":149,"column":45}}]},"33":{"type":"branch","line":150,"loc":{"start":{"line":150,"column":18},"end":{"line":150,"column":41}},"locations":[{"start":{"line":150,"column":18},"end":{"line":150,"column":41}}]},"34":{"type":"branch","line":151,"loc":{"start":{"line":151,"column":22},"end":{"line":151,"column":46}},"locations":[{"start":{"line":151,"column":22},"end":{"line":151,"column":46}}]},"35":{"type":"branch","line":157,"loc":{"start":{"line":157,"column":17},"end":{"line":157,"column":74}},"locations":[{"start":{"line":157,"column":17},"end":{"line":157,"column":74}}]},"36":{"type":"branch","line":157,"loc":{"start":{"line":157,"column":70},"end":{"line":157,"column":84}},"locations":[{"start":{"line":157,"column":70},"end":{"line":157,"column":84}}]},"37":{"type":"branch","line":153,"loc":{"start":{"line":153,"column":30},"end":{"line":153,"column":56}},"locations":[{"start":{"line":153,"column":30},"end":{"line":153,"column":56}}]},"38":{"type":"branch","line":154,"loc":{"start":{"line":154,"column":29},"end":{"line":154,"column":55}},"locations":[{"start":{"line":154,"column":29},"end":{"line":154,"column":55}}]},"39":{"type":"branch","line":155,"loc":{"start":{"line":155,"column":25},"end":{"line":155,"column":69}},"locations":[{"start":{"line":155,"column":25},"end":{"line":155,"column":69}}]},"40":{"type":"branch","line":155,"loc":{"start":{"line":155,"column":36},"end":{"line":155,"column":69}},"locations":[{"start":{"line":155,"column":36},"end":{"line":155,"column":69}}]}},"b":{"0":[45],"1":[6],"2":[26],"3":[6],"4":[39],"5":[6],"6":[39],"7":[26],"8":[6],"9":[29],"10":[19],"11":[10],"12":[0],"13":[10],"14":[10],"15":[10],"16":[10],"17":[109],"18":[4],"19":[1],"20":[3],"21":[5],"22":[1],"23":[1],"24":[2],"25":[0],"26":[1],"27":[1],"28":[2],"29":[10],"30":[10],"31":[312],"32":[3],"33":[16],"34":[3],"35":[24],"36":[288],"37":[4],"38":[4],"39":[4],"40":[3]},"fnMap":{"0":{"name":"Dropdown","decl":{"start":{"line":26,"column":17},"end":{"line":165,"column":2}},"loc":{"start":{"line":26,"column":17},"end":{"line":165,"column":2}},"line":26},"1":{"name":"handleSelect","decl":{"start":{"line":65,"column":23},"end":{"line":74,"column":4}},"loc":{"start":{"line":65,"column":23},"end":{"line":74,"column":4}},"line":65},"2":{"name":"onClick","decl":{"start":{"line":118,"column":17},"end":{"line":118,"column":55}},"loc":{"start":{"line":118,"column":17},"end":{"line":118,"column":55}},"line":118},"3":{"name":"onMouseEnter","decl":{"start":{"line":153,"column":30},"end":{"line":153,"column":56}},"loc":{"start":{"line":153,"column":30},"end":{"line":153,"column":56}},"line":153},"4":{"name":"onMouseDown","decl":{"start":{"line":154,"column":29},"end":{"line":154,"column":55}},"loc":{"start":{"line":154,"column":29},"end":{"line":154,"column":55}},"line":154},"5":{"name":"onClick","decl":{"start":{"line":155,"column":25},"end":{"line":155,"column":69}},"loc":{"start":{"line":155,"column":25},"end":{"line":155,"column":69}},"line":155}},"f":{"0":45,"1":4,"2":10,"3":4,"4":4,"5":4}}
,"/Volumes/Work/projects/fireart-test-task/src/components/Dropdown/index.ts": {"path":"/Volumes/Work/projects/fireart-test-task/src/components/Dropdown/index.ts","all":true,"statementMap":{"0":{"start":{"line":1,"column":0},"end":{"line":1,"column":37}},"1":{"start":{"line":2,"column":0},"end":{"line":2,"column":27}}},"s":{"0":0,"1":0},"branchMap":{"0":{"type":"branch","line":1,"loc":{"start":{"line":1,"column":65},"end":{"line":2,"column":27}},"locations":[{"start":{"line":1,"column":65},"end":{"line":2,"column":27}}]}},"b":{"0":[0]},"fnMap":{"0":{"name":"(empty-report)","decl":{"start":{"line":1,"column":65},"end":{"line":2,"column":27}},"loc":{"start":{"line":1,"column":65},"end":{"line":2,"column":27}},"line":1}},"f":{"0":0}}
,"/Volumes/Work/projects/fireart-test-task/src/components/Dropdown/types.ts": {"path":"/Volumes/Work/projects/fireart-test-task/src/components/Dropdown/types.ts","all":true,"statementMap":{},"s":{},"branchMap":{"0":{"type":"branch","line":1,"loc":{"start":{"line":1,"column":1097},"end":{"line":31,"column":1}},"locations":[{"start":{"line":1,"column":1097},"end":{"line":31,"column":1}}]}},"b":{"0":[1]},"fnMap":{"0":{"name":"(empty-report)","decl":{"start":{"line":1,"column":1097},"end":{"line":31,"column":1}},"loc":{"start":{"line":1,"column":1097},"end":{"line":31,"column":1}},"line":1}},"f":{"0":1}}
,"/Volumes/Work/projects/fireart-test-task/src/hooks/useOutsideClick.ts": {"path":"/Volumes/Work/projects/fireart-test-task/src/hooks/useOutsideClick.ts","all":false,"statementMap":{"0":{"start":{"line":1,"column":0},"end":{"line":1,"column":34}},"2":{"start":{"line":3,"column":0},"end":{"line":3,"column":96}},"3":{"start":{"line":4,"column":0},"end":{"line":4,"column":19}},"4":{"start":{"line":5,"column":0},"end":{"line":5,"column":47}},"5":{"start":{"line":6,"column":0},"end":{"line":6,"column":34}},"6":{"start":{"line":7,"column":0},"end":{"line":7,"column":27}},"7":{"start":{"line":8,"column":0},"end":{"line":8,"column":57}},"8":{"start":{"line":9,"column":0},"end":{"line":9,"column":6}},"10":{"start":{"line":11,"column":0},"end":{"line":11,"column":59}},"11":{"start":{"line":12,"column":0},"end":{"line":12,"column":75}},"12":{"start":{"line":13,"column":0},"end":{"line":13,"column":21}},"13":{"start":{"line":14,"column":0},"end":{"line":14,"column":1}}},"s":{"0":1,"2":1,"3":45,"4":43,"5":14,"6":14,"7":14,"8":14,"10":43,"11":43,"12":45,"13":45},"branchMap":{"0":{"type":"branch","line":3,"loc":{"start":{"line":3,"column":7},"end":{"line":14,"column":1}},"locations":[{"start":{"line":3,"column":7},"end":{"line":14,"column":1}}]},"1":{"type":"branch","line":4,"loc":{"start":{"line":4,"column":12},"end":{"line":13,"column":5}},"locations":[{"start":{"line":4,"column":12},"end":{"line":13,"column":5}}]},"2":{"type":"branch","line":5,"loc":{"start":{"line":5,"column":27},"end":{"line":9,"column":6}},"locations":[{"start":{"line":5,"column":27},"end":{"line":9,"column":6}}]},"3":{"type":"branch","line":7,"loc":{"start":{"line":7,"column":20},"end":{"line":7,"column":27}},"locations":[{"start":{"line":7,"column":20},"end":{"line":7,"column":27}}]},"4":{"type":"branch","line":8,"loc":{"start":{"line":8,"column":47},"end":{"line":8,"column":57}},"locations":[{"start":{"line":8,"column":47},"end":{"line":8,"column":57}}]},"5":{"type":"branch","line":12,"loc":{"start":{"line":12,"column":11},"end":{"line":12,"column":75}},"locations":[{"start":{"line":12,"column":11},"end":{"line":12,"column":75}}]}},"b":{"0":[45],"1":[43],"2":[14],"3":[0],"4":[0],"5":[43]},"fnMap":{"0":{"name":"useOutsideClick","decl":{"start":{"line":3,"column":7},"end":{"line":14,"column":1}},"loc":{"start":{"line":3,"column":7},"end":{"line":14,"column":1}},"line":3},"1":{"name":"onClickHandler","decl":{"start":{"line":5,"column":27},"end":{"line":9,"column":6}},"loc":{"start":{"line":5,"column":27},"end":{"line":9,"column":6}},"line":5}},"f":{"0":45,"1":14}}
}
